<?xml version="1.0" encoding="UTF-8"?>
<testng-results ignored="0" total="1" passed="1" failed="0" skipped="0">
  <reporter-output>
  </reporter-output>
  <suite started-at="2023-02-14T10:30:41 IST" name="Default suite" finished-at="2023-02-14T10:30:47 IST" duration-ms="5995">
    <groups>
    </groups>
    <test started-at="2023-02-14T10:30:41 IST" name="Default test" finished-at="2023-02-14T10:30:47 IST" duration-ms="5995">
      <class name="pkg.Chromeversion">
        <test-method is-config="true" signature="setup()[pri:0, instance:pkg.Chromeversion@53ce1329]" started-at="2023-02-14T10:30:41 IST" name="setup" finished-at="2023-02-14T10:30:46 IST" duration-ms="4568" status="PASS">
          <reporter-output>
          </reporter-output>
        </test-method> <!-- setup -->
        <test-method signature="test1()[pri:0, instance:pkg.Chromeversion@53ce1329]" started-at="2023-02-14T10:30:46 IST" name="test1" finished-at="2023-02-14T10:30:47 IST" duration-ms="1376" status="PASS">
          <reporter-output>
          </reporter-output>
        </test-method> <!-- test1 -->
      </class> <!-- pkg.Chromeversion -->
    </test> <!-- Default test -->
  </suite> <!-- Default suite -->
</testng-results>
